<?xml version="1.0" encoding="UTF-8"?>
<testsuite xmlns:xsi="http://www.w3.org/2001/XMLSchema-instance" xsi:noNamespaceSchemaLocation="https://maven.apache.org/surefire/maven-surefire-plugin/xsd/surefire-test-report-3.0.xsd" version="3.0" name="com.company.api.PerformanceTest" time="6.713" tests="1" errors="0" skipped="0" failures="0">
  <properties>
[...]
</properties>
  <testcase name="testRateLimiting" classname="com.company.api.PerformanceTest" time="6.709">
    <system-out><![CDATA[Request method:	GET
Request URI:	https://serverest.dev/usuarios
Proxy:			<none>
Request params:	<none>
Query params:	<none>
Form params:	<none>
Path params:	<none>
Headers:		Authorization=Bearer eyJhbGciOiJIUzI1NiIsInR5cCI6IkpXVCJ9.eyJlbWFpbCI6ImZ1bGFub0BxYS5jb20iLCJwYXNzd29yZCI6InRlc3RlIiwiaWF0IjoxNzU2NjAwMTAwLCJleHAiOjE3NTY2MDA3MDB9.oSZruebNXq6fJb9cxeZc5rUaT-Q-pzEFV1H7EGs0-RM
				Accept=*/*
				Content-Type=application/json
Cookies:		<none>
Multiparts:		<none>
Body:			<none>
HTTP/1.1 200 OK
access-control-allow-origin: *
x-dns-prefetch-control: off
x-frame-options: SAMEORIGIN
strict-transport-security: max-age=15552000; includeSubDomains
x-download-options: noopen
x-content-type-options: nosniff
x-xss-protection: 1; mode=block
content-type: application/json; charset=utf-8
x-cloud-trace-context: d10a32014c632a9a39acf601b015bd2c
date: Sun, 31 Aug 2025 00:28:27 GMT
server: Google Frontend
Content-Length: 1384

{
    "quantidade": 6,
    "usuarios": [
        {
            "nome": "Fulano da Silva",
            "email": "fulano@qa.com",
            "password": "teste",
            "administrador": "true",
            "_id": "0uxuPY0cbmQhpEz1"
        },
        {
            "nome": "Víctor Macedo Jr.",
            "email": "vitoria_souza@bol.com.br",
            "password": "xDx0vxZ9sg7YGwP",
            "administrador": "false",
            "_id": "5Wkc6c5d6VHuc65A"
        },
        {
            "nome": "Larissa Saraiva",
            "email": "daniel62@bol.com.br",
            "password": "2opWpKafMBT5wqi",
            "administrador": "false",
            "_id": "FGsWq9ucL3vY1xRl"
        },
        {
            "nome": "Rebeca Santos",
            "email": "meire10@gmail.com",
            "password": "pt3Cuvsx2rfdkyG",
            "administrador": "true",
            "_id": "QaqWhblcyQE8ROV7"
        },
        {
            "nome": "Norberto Batista",
            "email": "felicia_moreira@gmail.com",
            "password": "vtOFfVQctPKgyGm",
            "administrador": "false",
            "_id": "nATjxWrBLWwFsLgo"
        },
        {
            "nome": "Norberto Batista",
            "email": "kleber_barros40@live.com",
            "password": "OByMy86IUQWM2Fu",
            "administrador": "false",
            "_id": "oUiACV68QygEdTa3"
        }
    ]
}
Request method:	GET
Request URI:	https://serverest.dev/usuarios
Proxy:			<none>
Request params:	<none>
Query params:	<none>
Form params:	<none>
Path params:	<none>
Headers:		Authorization=Bearer eyJhbGciOiJIUzI1NiIsInR5cCI6IkpXVCJ9.eyJlbWFpbCI6ImZ1bGFub0BxYS5jb20iLCJwYXNzd29yZCI6InRlc3RlIiwiaWF0IjoxNzU2NjAwMTAwLCJleHAiOjE3NTY2MDA3MDB9.oSZruebNXq6fJb9cxeZc5rUaT-Q-pzEFV1H7EGs0-RM
				Accept=*/*
				Content-Type=application/json
Cookies:		<none>
Multiparts:		<none>
Body:			<none>
HTTP/1.1 200 OK
access-control-allow-origin: *
x-dns-prefetch-control: off
x-frame-options: SAMEORIGIN
strict-transport-security: max-age=15552000; includeSubDomains
x-download-options: noopen
x-content-type-options: nosniff
x-xss-protection: 1; mode=block
content-type: application/json; charset=utf-8
x-cloud-trace-context: af7494a244f703f5a80b4e10f36ff5fd
date: Sun, 31 Aug 2025 00:28:28 GMT
server: Google Frontend
Content-Length: 1384

{
    "quantidade": 6,
    "usuarios": [
        {
            "nome": "Fulano da Silva",
            "email": "fulano@qa.com",
            "password": "teste",
            "administrador": "true",
            "_id": "0uxuPY0cbmQhpEz1"
        },
        {
            "nome": "Víctor Macedo Jr.",
            "email": "vitoria_souza@bol.com.br",
            "password": "xDx0vxZ9sg7YGwP",
            "administrador": "false",
            "_id": "5Wkc6c5d6VHuc65A"
        },
        {
            "nome": "Larissa Saraiva",
            "email": "daniel62@bol.com.br",
            "password": "2opWpKafMBT5wqi",
            "administrador": "false",
            "_id": "FGsWq9ucL3vY1xRl"
        },
        {
            "nome": "Rebeca Santos",
            "email": "meire10@gmail.com",
            "password": "pt3Cuvsx2rfdkyG",
            "administrador": "true",
            "_id": "QaqWhblcyQE8ROV7"
        },
        {
            "nome": "Norberto Batista",
            "email": "felicia_moreira@gmail.com",
            "password": "vtOFfVQctPKgyGm",
            "administrador": "false",
            "_id": "nATjxWrBLWwFsLgo"
        },
        {
            "nome": "Norberto Batista",
            "email": "kleber_barros40@live.com",
            "password": "OByMy86IUQWM2Fu",
            "administrador": "false",
            "_id": "oUiACV68QygEdTa3"
        }
    ]
}
Request method:	GET
Request URI:	https://serverest.dev/usuarios
Proxy:			<none>
Request params:	<none>
Query params:	<none>
Form params:	<none>
Path params:	<none>
Headers:		Authorization=Bearer eyJhbGciOiJIUzI1NiIsInR5cCI6IkpXVCJ9.eyJlbWFpbCI6ImZ1bGFub0BxYS5jb20iLCJwYXNzd29yZCI6InRlc3RlIiwiaWF0IjoxNzU2NjAwMTAwLCJleHAiOjE3NTY2MDA3MDB9.oSZruebNXq6fJb9cxeZc5rUaT-Q-pzEFV1H7EGs0-RM
				Accept=*/*
				Content-Type=application/json
Cookies:		<none>
Multiparts:		<none>
Body:			<none>
HTTP/1.1 200 OK
access-control-allow-origin: *
x-dns-prefetch-control: off
x-frame-options: SAMEORIGIN
strict-transport-security: max-age=15552000; includeSubDomains
x-download-options: noopen
x-content-type-options: nosniff
x-xss-protection: 1; mode=block
content-type: application/json; charset=utf-8
x-cloud-trace-context: 3fe3ba4717dfbf20e51b995e21763d9a
date: Sun, 31 Aug 2025 00:28:29 GMT
server: Google Frontend
Content-Length: 1384

{
    "quantidade": 6,
    "usuarios": [
        {
            "nome": "Fulano da Silva",
            "email": "fulano@qa.com",
            "password": "teste",
            "administrador": "true",
            "_id": "0uxuPY0cbmQhpEz1"
        },
        {
            "nome": "Víctor Macedo Jr.",
            "email": "vitoria_souza@bol.com.br",
            "password": "xDx0vxZ9sg7YGwP",
            "administrador": "false",
            "_id": "5Wkc6c5d6VHuc65A"
        },
        {
            "nome": "Larissa Saraiva",
            "email": "daniel62@bol.com.br",
            "password": "2opWpKafMBT5wqi",
            "administrador": "false",
            "_id": "FGsWq9ucL3vY1xRl"
        },
        {
            "nome": "Rebeca Santos",
            "email": "meire10@gmail.com",
            "password": "pt3Cuvsx2rfdkyG",
            "administrador": "true",
            "_id": "QaqWhblcyQE8ROV7"
        },
        {
            "nome": "Norberto Batista",
            "email": "felicia_moreira@gmail.com",
            "password": "vtOFfVQctPKgyGm",
            "administrador": "false",
            "_id": "nATjxWrBLWwFsLgo"
        },
        {
            "nome": "Norberto Batista",
            "email": "kleber_barros40@live.com",
            "password": "OByMy86IUQWM2Fu",
            "administrador": "false",
            "_id": "oUiACV68QygEdTa3"
        }
    ]
}
Request method:	GET
Request URI:	https://serverest.dev/usuarios
Proxy:			<none>
Request params:	<none>
Query params:	<none>
Form params:	<none>
Path params:	<none>
Headers:		Authorization=Bearer eyJhbGciOiJIUzI1NiIsInR5cCI6IkpXVCJ9.eyJlbWFpbCI6ImZ1bGFub0BxYS5jb20iLCJwYXNzd29yZCI6InRlc3RlIiwiaWF0IjoxNzU2NjAwMTAwLCJleHAiOjE3NTY2MDA3MDB9.oSZruebNXq6fJb9cxeZc5rUaT-Q-pzEFV1H7EGs0-RM
				Accept=*/*
				Content-Type=application/json
Cookies:		<none>
Multiparts:		<none>
Body:			<none>
HTTP/1.1 200 OK
access-control-allow-origin: *
x-dns-prefetch-control: off
x-frame-options: SAMEORIGIN
strict-transport-security: max-age=15552000; includeSubDomains
x-download-options: noopen
x-content-type-options: nosniff
x-xss-protection: 1; mode=block
content-type: application/json; charset=utf-8
x-cloud-trace-context: 81aa1880673c3a339a096a8a85b17a29
date: Sun, 31 Aug 2025 00:28:29 GMT
server: Google Frontend
Content-Length: 1384

{
    "quantidade": 6,
    "usuarios": [
        {
            "nome": "Fulano da Silva",
            "email": "fulano@qa.com",
            "password": "teste",
            "administrador": "true",
            "_id": "0uxuPY0cbmQhpEz1"
        },
        {
            "nome": "Víctor Macedo Jr.",
            "email": "vitoria_souza@bol.com.br",
            "password": "xDx0vxZ9sg7YGwP",
            "administrador": "false",
            "_id": "5Wkc6c5d6VHuc65A"
        },
        {
            "nome": "Larissa Saraiva",
            "email": "daniel62@bol.com.br",
            "password": "2opWpKafMBT5wqi",
            "administrador": "false",
            "_id": "FGsWq9ucL3vY1xRl"
        },
        {
            "nome": "Rebeca Santos",
            "email": "meire10@gmail.com",
            "password": "pt3Cuvsx2rfdkyG",
            "administrador": "true",
            "_id": "QaqWhblcyQE8ROV7"
        },
        {
            "nome": "Norberto Batista",
            "email": "felicia_moreira@gmail.com",
            "password": "vtOFfVQctPKgyGm",
            "administrador": "false",
            "_id": "nATjxWrBLWwFsLgo"
        },
        {
            "nome": "Norberto Batista",
            "email": "kleber_barros40@live.com",
            "password": "OByMy86IUQWM2Fu",
            "administrador": "false",
            "_id": "oUiACV68QygEdTa3"
        }
    ]
}
Request method:	GET
Request URI:	https://serverest.dev/usuarios
Proxy:			<none>
Request params:	<none>
Query params:	<none>
Form params:	<none>
Path params:	<none>
Headers:		Authorization=Bearer eyJhbGciOiJIUzI1NiIsInR5cCI6IkpXVCJ9.eyJlbWFpbCI6ImZ1bGFub0BxYS5jb20iLCJwYXNzd29yZCI6InRlc3RlIiwiaWF0IjoxNzU2NjAwMTAwLCJleHAiOjE3NTY2MDA3MDB9.oSZruebNXq6fJb9cxeZc5rUaT-Q-pzEFV1H7EGs0-RM
				Accept=*/*
				Content-Type=application/json
Cookies:		<none>
Multiparts:		<none>
Body:			<none>
HTTP/1.1 200 OK
access-control-allow-origin: *
x-dns-prefetch-control: off
x-frame-options: SAMEORIGIN
strict-transport-security: max-age=15552000; includeSubDomains
x-download-options: noopen
x-content-type-options: nosniff
x-xss-protection: 1; mode=block
content-type: application/json; charset=utf-8
x-cloud-trace-context: 5fda4f9b65ee2cb50796871fdfeebc46
date: Sun, 31 Aug 2025 00:28:30 GMT
server: Google Frontend
Content-Length: 1384

{
    "quantidade": 6,
    "usuarios": [
        {
            "nome": "Fulano da Silva",
            "email": "fulano@qa.com",
            "password": "teste",
            "administrador": "true",
            "_id": "0uxuPY0cbmQhpEz1"
        },
        {
            "nome": "Víctor Macedo Jr.",
            "email": "vitoria_souza@bol.com.br",
            "password": "xDx0vxZ9sg7YGwP",
            "administrador": "false",
            "_id": "5Wkc6c5d6VHuc65A"
        },
        {
            "nome": "Larissa Saraiva",
            "email": "daniel62@bol.com.br",
            "password": "2opWpKafMBT5wqi",
            "administrador": "false",
            "_id": "FGsWq9ucL3vY1xRl"
        },
        {
            "nome": "Rebeca Santos",
            "email": "meire10@gmail.com",
            "password": "pt3Cuvsx2rfdkyG",
            "administrador": "true",
            "_id": "QaqWhblcyQE8ROV7"
        },
        {
            "nome": "Norberto Batista",
            "email": "felicia_moreira@gmail.com",
            "password": "vtOFfVQctPKgyGm",
            "administrador": "false",
            "_id": "nATjxWrBLWwFsLgo"
        },
        {
            "nome": "Norberto Batista",
            "email": "kleber_barros40@live.com",
            "password": "OByMy86IUQWM2Fu",
            "administrador": "false",
            "_id": "oUiACV68QygEdTa3"
        }
    ]
}
Request method:	GET
Request URI:	https://serverest.dev/usuarios
Proxy:			<none>
Request params:	<none>
Query params:	<none>
Form params:	<none>
Path params:	<none>
Headers:		Authorization=Bearer eyJhbGciOiJIUzI1NiIsInR5cCI6IkpXVCJ9.eyJlbWFpbCI6ImZ1bGFub0BxYS5jb20iLCJwYXNzd29yZCI6InRlc3RlIiwiaWF0IjoxNzU2NjAwMTAwLCJleHAiOjE3NTY2MDA3MDB9.oSZruebNXq6fJb9cxeZc5rUaT-Q-pzEFV1H7EGs0-RM
				Accept=*/*
				Content-Type=application/json
Cookies:		<none>
Multiparts:		<none>
Body:			<none>
HTTP/1.1 200 OK
access-control-allow-origin: *
x-dns-prefetch-control: off
x-frame-options: SAMEORIGIN
strict-transport-security: max-age=15552000; includeSubDomains
x-download-options: noopen
x-content-type-options: nosniff
x-xss-protection: 1; mode=block
content-type: application/json; charset=utf-8
x-cloud-trace-context: 7cc89b8ea06379fa0345a4927eeee37e;o=1
date: Sun, 31 Aug 2025 00:28:31 GMT
server: Google Frontend
Content-Length: 1384

{
    "quantidade": 6,
    "usuarios": [
        {
            "nome": "Fulano da Silva",
            "email": "fulano@qa.com",
            "password": "teste",
            "administrador": "true",
            "_id": "0uxuPY0cbmQhpEz1"
        },
        {
            "nome": "Víctor Macedo Jr.",
            "email": "vitoria_souza@bol.com.br",
            "password": "xDx0vxZ9sg7YGwP",
            "administrador": "false",
            "_id": "5Wkc6c5d6VHuc65A"
        },
        {
            "nome": "Larissa Saraiva",
            "email": "daniel62@bol.com.br",
            "password": "2opWpKafMBT5wqi",
            "administrador": "false",
            "_id": "FGsWq9ucL3vY1xRl"
        },
        {
            "nome": "Rebeca Santos",
            "email": "meire10@gmail.com",
            "password": "pt3Cuvsx2rfdkyG",
            "administrador": "true",
            "_id": "QaqWhblcyQE8ROV7"
        },
        {
            "nome": "Norberto Batista",
            "email": "felicia_moreira@gmail.com",
            "password": "vtOFfVQctPKgyGm",
            "administrador": "false",
            "_id": "nATjxWrBLWwFsLgo"
        },
        {
            "nome": "Norberto Batista",
            "email": "kleber_barros40@live.com",
            "password": "OByMy86IUQWM2Fu",
            "administrador": "false",
            "_id": "oUiACV68QygEdTa3"
        }
    ]
}
Request method:	GET
Request URI:	https://serverest.dev/usuarios
Proxy:			<none>
Request params:	<none>
Query params:	<none>
Form params:	<none>
Path params:	<none>
Headers:		Authorization=Bearer eyJhbGciOiJIUzI1NiIsInR5cCI6IkpXVCJ9.eyJlbWFpbCI6ImZ1bGFub0BxYS5jb20iLCJwYXNzd29yZCI6InRlc3RlIiwiaWF0IjoxNzU2NjAwMTAwLCJleHAiOjE3NTY2MDA3MDB9.oSZruebNXq6fJb9cxeZc5rUaT-Q-pzEFV1H7EGs0-RM
				Accept=*/*
				Content-Type=application/json
Cookies:		<none>
Multiparts:		<none>
Body:			<none>
HTTP/1.1 200 OK
access-control-allow-origin: *
x-dns-prefetch-control: off
x-frame-options: SAMEORIGIN
strict-transport-security: max-age=15552000; includeSubDomains
x-download-options: noopen
x-content-type-options: nosniff
x-xss-protection: 1; mode=block
content-type: application/json; charset=utf-8
x-cloud-trace-context: 770e7b62b0ac75fa142caeea1a9b8948
date: Sun, 31 Aug 2025 00:28:31 GMT
server: Google Frontend
Content-Length: 1384

{
    "quantidade": 6,
    "usuarios": [
        {
            "nome": "Fulano da Silva",
            "email": "fulano@qa.com",
            "password": "teste",
            "administrador": "true",
            "_id": "0uxuPY0cbmQhpEz1"
        },
        {
            "nome": "Víctor Macedo Jr.",
            "email": "vitoria_souza@bol.com.br",
            "password": "xDx0vxZ9sg7YGwP",
            "administrador": "false",
            "_id": "5Wkc6c5d6VHuc65A"
        },
        {
            "nome": "Larissa Saraiva",
            "email": "daniel62@bol.com.br",
            "password": "2opWpKafMBT5wqi",
            "administrador": "false",
            "_id": "FGsWq9ucL3vY1xRl"
        },
        {
            "nome": "Rebeca Santos",
            "email": "meire10@gmail.com",
            "password": "pt3Cuvsx2rfdkyG",
            "administrador": "true",
            "_id": "QaqWhblcyQE8ROV7"
        },
        {
            "nome": "Norberto Batista",
            "email": "felicia_moreira@gmail.com",
            "password": "vtOFfVQctPKgyGm",
            "administrador": "false",
            "_id": "nATjxWrBLWwFsLgo"
        },
        {
            "nome": "Norberto Batista",
            "email": "kleber_barros40@live.com",
            "password": "OByMy86IUQWM2Fu",
            "administrador": "false",
            "_id": "oUiACV68QygEdTa3"
        }
    ]
}
Request method:	GET
Request URI:	https://serverest.dev/usuarios
Proxy:			<none>
Request params:	<none>
Query params:	<none>
Form params:	<none>
Path params:	<none>
Headers:		Authorization=Bearer eyJhbGciOiJIUzI1NiIsInR5cCI6IkpXVCJ9.eyJlbWFpbCI6ImZ1bGFub0BxYS5jb20iLCJwYXNzd29yZCI6InRlc3RlIiwiaWF0IjoxNzU2NjAwMTAwLCJleHAiOjE3NTY2MDA3MDB9.oSZruebNXq6fJb9cxeZc5rUaT-Q-pzEFV1H7EGs0-RM
				Accept=*/*
				Content-Type=application/json
Cookies:		<none>
Multiparts:		<none>
Body:			<none>
HTTP/1.1 200 OK
access-control-allow-origin: *
x-dns-prefetch-control: off
x-frame-options: SAMEORIGIN
strict-transport-security: max-age=15552000; includeSubDomains
x-download-options: noopen
x-content-type-options: nosniff
x-xss-protection: 1; mode=block
content-type: application/json; charset=utf-8
x-cloud-trace-context: d65f24eb9640f4ca65248e84b3e50682
date: Sun, 31 Aug 2025 00:28:32 GMT
server: Google Frontend
Content-Length: 1384

{
    "quantidade": 6,
    "usuarios": [
        {
            "nome": "Fulano da Silva",
            "email": "fulano@qa.com",
            "password": "teste",
            "administrador": "true",
            "_id": "0uxuPY0cbmQhpEz1"
        },
        {
            "nome": "Víctor Macedo Jr.",
            "email": "vitoria_souza@bol.com.br",
            "password": "xDx0vxZ9sg7YGwP",
            "administrador": "false",
            "_id": "5Wkc6c5d6VHuc65A"
        },
        {
            "nome": "Larissa Saraiva",
            "email": "daniel62@bol.com.br",
            "password": "2opWpKafMBT5wqi",
            "administrador": "false",
            "_id": "FGsWq9ucL3vY1xRl"
        },
        {
            "nome": "Rebeca Santos",
            "email": "meire10@gmail.com",
            "password": "pt3Cuvsx2rfdkyG",
            "administrador": "true",
            "_id": "QaqWhblcyQE8ROV7"
        },
        {
            "nome": "Norberto Batista",
            "email": "felicia_moreira@gmail.com",
            "password": "vtOFfVQctPKgyGm",
            "administrador": "false",
            "_id": "nATjxWrBLWwFsLgo"
        },
        {
            "nome": "Norberto Batista",
            "email": "kleber_barros40@live.com",
            "password": "OByMy86IUQWM2Fu",
            "administrador": "false",
            "_id": "oUiACV68QygEdTa3"
        }
    ]
}
Request method:	GET
Request URI:	https://serverest.dev/usuarios
Proxy:			<none>
Request params:	<none>
Query params:	<none>
Form params:	<none>
Path params:	<none>
Headers:		Authorization=Bearer eyJhbGciOiJIUzI1NiIsInR5cCI6IkpXVCJ9.eyJlbWFpbCI6ImZ1bGFub0BxYS5jb20iLCJwYXNzd29yZCI6InRlc3RlIiwiaWF0IjoxNzU2NjAwMTAwLCJleHAiOjE3NTY2MDA3MDB9.oSZruebNXq6fJb9cxeZc5rUaT-Q-pzEFV1H7EGs0-RM
				Accept=*/*
				Content-Type=application/json
Cookies:		<none>
Multiparts:		<none>
Body:			<none>
HTTP/1.1 200 OK
access-control-allow-origin: *
x-dns-prefetch-control: off
x-frame-options: SAMEORIGIN
strict-transport-security: max-age=15552000; includeSubDomains
x-download-options: noopen
x-content-type-options: nosniff
x-xss-protection: 1; mode=block
content-type: application/json; charset=utf-8
x-cloud-trace-context: 89030533361c57566bc11a4c12bbcad8
date: Sun, 31 Aug 2025 00:28:33 GMT
server: Google Frontend
Content-Length: 1384

{
    "quantidade": 6,
    "usuarios": [
        {
            "nome": "Fulano da Silva",
            "email": "fulano@qa.com",
            "password": "teste",
            "administrador": "true",
            "_id": "0uxuPY0cbmQhpEz1"
        },
        {
            "nome": "Víctor Macedo Jr.",
            "email": "vitoria_souza@bol.com.br",
            "password": "xDx0vxZ9sg7YGwP",
            "administrador": "false",
            "_id": "5Wkc6c5d6VHuc65A"
        },
        {
            "nome": "Larissa Saraiva",
            "email": "daniel62@bol.com.br",
            "password": "2opWpKafMBT5wqi",
            "administrador": "false",
            "_id": "FGsWq9ucL3vY1xRl"
        },
        {
            "nome": "Rebeca Santos",
            "email": "meire10@gmail.com",
            "password": "pt3Cuvsx2rfdkyG",
            "administrador": "true",
            "_id": "QaqWhblcyQE8ROV7"
        },
        {
            "nome": "Norberto Batista",
            "email": "felicia_moreira@gmail.com",
            "password": "vtOFfVQctPKgyGm",
            "administrador": "false",
            "_id": "nATjxWrBLWwFsLgo"
        },
        {
            "nome": "Norberto Batista",
            "email": "kleber_barros40@live.com",
            "password": "OByMy86IUQWM2Fu",
            "administrador": "false",
            "_id": "oUiACV68QygEdTa3"
        }
    ]
}
Request method:	GET
Request URI:	https://serverest.dev/usuarios
Proxy:			<none>
Request params:	<none>
Query params:	<none>
Form params:	<none>
Path params:	<none>
Headers:		Authorization=Bearer eyJhbGciOiJIUzI1NiIsInR5cCI6IkpXVCJ9.eyJlbWFpbCI6ImZ1bGFub0BxYS5jb20iLCJwYXNzd29yZCI6InRlc3RlIiwiaWF0IjoxNzU2NjAwMTAwLCJleHAiOjE3NTY2MDA3MDB9.oSZruebNXq6fJb9cxeZc5rUaT-Q-pzEFV1H7EGs0-RM
				Accept=*/*
				Content-Type=application/json
Cookies:		<none>
Multiparts:		<none>
Body:			<none>
HTTP/1.1 200 OK
access-control-allow-origin: *
x-dns-prefetch-control: off
x-frame-options: SAMEORIGIN
strict-transport-security: max-age=15552000; includeSubDomains
x-download-options: noopen
x-content-type-options: nosniff
x-xss-protection: 1; mode=block
content-type: application/json; charset=utf-8
x-cloud-trace-context: 74d508c1f35871e72abcc8e32fd7e78c
date: Sun, 31 Aug 2025 00:28:33 GMT
server: Google Frontend
Content-Length: 1384

{
    "quantidade": 6,
    "usuarios": [
        {
            "nome": "Fulano da Silva",
            "email": "fulano@qa.com",
            "password": "teste",
            "administrador": "true",
            "_id": "0uxuPY0cbmQhpEz1"
        },
        {
            "nome": "Víctor Macedo Jr.",
            "email": "vitoria_souza@bol.com.br",
            "password": "xDx0vxZ9sg7YGwP",
            "administrador": "false",
            "_id": "5Wkc6c5d6VHuc65A"
        },
        {
            "nome": "Larissa Saraiva",
            "email": "daniel62@bol.com.br",
            "password": "2opWpKafMBT5wqi",
            "administrador": "false",
            "_id": "FGsWq9ucL3vY1xRl"
        },
        {
            "nome": "Rebeca Santos",
            "email": "meire10@gmail.com",
            "password": "pt3Cuvsx2rfdkyG",
            "administrador": "true",
            "_id": "QaqWhblcyQE8ROV7"
        },
        {
            "nome": "Norberto Batista",
            "email": "felicia_moreira@gmail.com",
            "password": "vtOFfVQctPKgyGm",
            "administrador": "false",
            "_id": "nATjxWrBLWwFsLgo"
        },
        {
            "nome": "Norberto Batista",
            "email": "kleber_barros40@live.com",
            "password": "OByMy86IUQWM2Fu",
            "administrador": "false",
            "_id": "oUiACV68QygEdTa3"
        }
    ]
}
]]></system-out>
  </testcase>
</testsuite>